<?xml version="1.0" encoding="UTF-8"?>
<testsuite xmlns:xsi="http://www.w3.org/2001/XMLSchema-instance" xsi:noNamespaceSchemaLocation="https://maven.apache.org/surefire/maven-surefire-plugin/xsd/surefire-test-report-3.0.xsd" version="3.0" name="aidyn.kelbetov.smtrestapi.SmtRestApiApplicationTests" time="14.502" tests="1" errors="0" skipped="0" failures="0">
  <properties>
[...]
</properties>
  <testcase name="contextLoads" classname="aidyn.kelbetov.smtrestapi.SmtRestApiApplicationTests" time="0.948">
    <system-out><![CDATA[20:19:57.443 [main] INFO org.springframework.test.context.support.AnnotationConfigContextLoaderUtils -- Could not detect default configuration classes for test class [aidyn.kelbetov.smtrestapi.SmtRestApiApplicationTests]: SmtRestApiApplicationTests does not declare any static, non-private, non-final, nested classes annotated with @Configuration.
20:19:57.630 [main] INFO org.springframework.boot.test.context.SpringBootTestContextBootstrapper -- Found @SpringBootConfiguration aidyn.kelbetov.smtrestapi.SmtRestApiApplication for test class aidyn.kelbetov.smtrestapi.SmtRestApiApplicationTests
20:19:57.846 [main] INFO org.springframework.boot.devtools.restart.RestartApplicationListener -- Restart disabled due to context in which it is running

  .   ____          _            __ _ _
 /\\ / ___'_ __ _ _(_)_ __  __ _ \ \ \ \
( ( )\___ | '_ | '_| | '_ \/ _` | \ \ \ \
 \\/  ___)| |_)| | | | | || (_| |  ) ) ) )
  '  |____| .__|_| |_|_| |_\__, | / / / /
 =========|_|==============|___/=/_/_/_/
 :: Spring Boot ::                (v3.2.3)

2024-06-06T20:19:58.245+03:00  INFO 8012 --- [smt-rest-api] [           main] a.k.s.SmtRestApiApplicationTests         : Starting SmtRestApiApplicationTests using Java 20.0.2 with PID 8012 (started by adi20 in D:\diplomA\smt-rest-api)
2024-06-06T20:19:58.247+03:00  INFO 8012 --- [smt-rest-api] [           main] a.k.s.SmtRestApiApplicationTests         : No active profile set, falling back to 1 default profile: "default"
2024-06-06T20:20:00.059+03:00  INFO 8012 --- [smt-rest-api] [           main] .s.d.r.c.RepositoryConfigurationDelegate : Bootstrapping Spring Data JPA repositories in DEFAULT mode.
2024-06-06T20:20:00.212+03:00  INFO 8012 --- [smt-rest-api] [           main] .s.d.r.c.RepositoryConfigurationDelegate : Finished Spring Data repository scanning in 130 ms. Found 4 JPA repository interfaces.
2024-06-06T20:20:01.806+03:00  INFO 8012 --- [smt-rest-api] [           main] o.hibernate.jpa.internal.util.LogHelper  : HHH000204: Processing PersistenceUnitInfo [name: default]
2024-06-06T20:20:01.938+03:00  INFO 8012 --- [smt-rest-api] [           main] org.hibernate.Version                    : HHH000412: Hibernate ORM core version 6.4.4.Final
2024-06-06T20:20:02.018+03:00  INFO 8012 --- [smt-rest-api] [           main] o.h.c.internal.RegionFactoryInitiator    : HHH000026: Second-level cache disabled
2024-06-06T20:20:02.692+03:00  INFO 8012 --- [smt-rest-api] [           main] o.s.o.j.p.SpringPersistenceUnitInfo      : No LoadTimeWeaver setup: ignoring JPA class transformer
2024-06-06T20:20:02.750+03:00  INFO 8012 --- [smt-rest-api] [           main] com.zaxxer.hikari.HikariDataSource       : HikariPool-1 - Starting...
2024-06-06T20:20:03.137+03:00  INFO 8012 --- [smt-rest-api] [           main] com.zaxxer.hikari.pool.HikariPool        : HikariPool-1 - Added connection org.postgresql.jdbc.PgConnection@149b53fa
2024-06-06T20:20:03.140+03:00  INFO 8012 --- [smt-rest-api] [           main] com.zaxxer.hikari.HikariDataSource       : HikariPool-1 - Start completed.
2024-06-06T20:20:05.908+03:00  WARN 8012 --- [smt-rest-api] [           main] org.hibernate.orm.deprecation            : HHH90000025: PostgreSQLDialect does not need to be specified explicitly using 'hibernate.dialect' (remove the property setting and it will be selected by default)
2024-06-06T20:20:07.031+03:00  INFO 8012 --- [smt-rest-api] [           main] o.h.e.t.j.p.i.JtaPlatformInitiator       : HHH000489: No JTA platform available (set 'hibernate.transaction.jta.platform' to enable JTA platform integration)
2024-06-06T20:20:07.148+03:00  INFO 8012 --- [smt-rest-api] [           main] j.LocalContainerEntityManagerFactoryBean : Initialized JPA EntityManagerFactory for persistence unit 'default'
2024-06-06T20:20:08.182+03:00  WARN 8012 --- [smt-rest-api] [           main] JpaBaseConfiguration$JpaWebConfiguration : spring.jpa.open-in-view is enabled by default. Therefore, database queries may be performed during view rendering. Explicitly configure spring.jpa.open-in-view to disable this warning
2024-06-06T20:20:09.230+03:00  INFO 8012 --- [smt-rest-api] [           main] o.s.b.a.e.web.EndpointLinksResolver      : Exposing 1 endpoint(s) beneath base path '/actuator'
2024-06-06T20:20:09.407+03:00  INFO 8012 --- [smt-rest-api] [           main] o.s.s.web.DefaultSecurityFilterChain     : Will secure any request with [org.springframework.security.web.session.DisableEncodeUrlFilter@3c592c0c, org.springframework.security.web.context.request.async.WebAsyncManagerIntegrationFilter@3979c6e8, org.springframework.security.web.context.SecurityContextHolderFilter@19e03398, org.springframework.security.web.header.HeaderWriterFilter@533a8540, org.springframework.web.filter.CorsFilter@6fb3d3bb, org.springframework.security.web.authentication.logout.LogoutFilter@32be672d, org.springframework.security.web.authentication.UsernamePasswordAuthenticationFilter@522fc988, org.springframework.security.web.authentication.ui.DefaultLoginPageGeneratingFilter@2dacad1d, org.springframework.security.web.authentication.ui.DefaultLogoutPageGeneratingFilter@38a3c078, org.springframework.security.web.authentication.www.BasicAuthenticationFilter@70e560ef, org.springframework.security.web.savedrequest.RequestCacheAwareFilter@6ad2cb6d, org.springframework.security.web.servletapi.SecurityContextHolderAwareRequestFilter@2122b4bd, org.springframework.security.web.authentication.AnonymousAuthenticationFilter@4d6fa22c, org.springframework.security.web.access.ExceptionTranslationFilter@7b186fb8, org.springframework.security.web.access.intercept.AuthorizationFilter@637de489]
2024-06-06T20:20:10.587+03:00  INFO 8012 --- [smt-rest-api] [           main] a.k.s.SmtRestApiApplicationTests         : Started SmtRestApiApplicationTests in 12.772 seconds (process running for 14.124)
]]></system-out>
  </testcase>
</testsuite>